{"/app/src/action/address/create-address.ts": {"path":"/app/src/action/address/create-address.ts","statementMap":{"0":{"start":{"line":13,"column":22},"end":{"line":13,"column":76}},"1":{"start":{"line":15,"column":4},"end":{"line":15,"column":54}},"2":{"start":{"line":17,"column":27},"end":{"line":19,"column":6}},"3":{"start":{"line":21,"column":4},"end":{"line":21,"column":25}}},"fnMap":{"0":{"name":"(anonymous_0)","decl":{"start":{"line":9,"column":2},"end":{"line":9,"column":3}},"loc":{"start":{"line":12,"column":22},"end":{"line":22,"column":3}},"line":12}},"branchMap":{},"s":{"0":9,"1":8,"2":7,"3":7},"f":{"0":9},"b":{},"_coverageSchema":"1a1c01bbd47fc00a2c39e90264f33305004495a9","hash":"36e8c040457f541c5d4716ac8ed0c6063c01569d"}
,"/app/src/action/address/get-address.ts": {"path":"/app/src/action/address/get-address.ts","statementMap":{"0":{"start":{"line":8,"column":24},"end":{"line":8,"column":65}},"1":{"start":{"line":10,"column":24},"end":{"line":15,"column":10}},"2":{"start":{"line":17,"column":8},"end":{"line":19,"column":9}},"3":{"start":{"line":18,"column":12},"end":{"line":18,"column":81}},"4":{"start":{"line":21,"column":8},"end":{"line":21,"column":22}}},"fnMap":{"0":{"name":"(anonymous_0)","decl":{"start":{"line":7,"column":4},"end":{"line":7,"column":5}},"loc":{"start":{"line":7,"column":93},"end":{"line":22,"column":5}},"line":7}},"branchMap":{"0":{"loc":{"start":{"line":17,"column":8},"end":{"line":19,"column":9}},"type":"if","locations":[{"start":{"line":17,"column":8},"end":{"line":19,"column":9}},{"start":{},"end":{}}],"line":17}},"s":{"0":5,"1":5,"2":5,"3":2,"4":3},"f":{"0":5},"b":{"0":[2,3]},"_coverageSchema":"1a1c01bbd47fc00a2c39e90264f33305004495a9","hash":"cf48e900e33d7013c0277a2a1e67010a3d563b29"}
,"/app/src/action/address/update-address.ts": {"path":"/app/src/action/address/update-address.ts","statementMap":{"0":{"start":{"line":11,"column":26},"end":{"line":11,"column":99}},"1":{"start":{"line":13,"column":24},"end":{"line":13,"column":80}},"2":{"start":{"line":15,"column":31},"end":{"line":26,"column":10}},"3":{"start":{"line":28,"column":8},"end":{"line":28,"column":29}}},"fnMap":{"0":{"name":"(anonymous_0)","decl":{"start":{"line":10,"column":4},"end":{"line":10,"column":5}},"loc":{"start":{"line":10,"column":83},"end":{"line":29,"column":5}},"line":10}},"branchMap":{"0":{"loc":{"start":{"line":17,"column":24},"end":{"line":17,"column":48}},"type":"binary-expr","locations":[{"start":{"line":17,"column":24},"end":{"line":17,"column":40}},{"start":{"line":17,"column":44},"end":{"line":17,"column":48}}],"line":17},"1":{"loc":{"start":{"line":18,"column":22},"end":{"line":18,"column":44}},"type":"binary-expr","locations":[{"start":{"line":18,"column":22},"end":{"line":18,"column":36}},{"start":{"line":18,"column":40},"end":{"line":18,"column":44}}],"line":18},"2":{"loc":{"start":{"line":19,"column":26},"end":{"line":19,"column":52}},"type":"binary-expr","locations":[{"start":{"line":19,"column":26},"end":{"line":19,"column":44}},{"start":{"line":19,"column":48},"end":{"line":19,"column":52}}],"line":19}},"s":{"0":3,"1":2,"2":2,"3":2},"f":{"0":3},"b":{"0":[2,1],"1":[2,1],"2":[2,1]},"_coverageSchema":"1a1c01bbd47fc00a2c39e90264f33305004495a9","hash":"513dff038f0661ca51e39c108573e660b1608555"}
,"/app/src/action/contact/create-contact.ts": {"path":"/app/src/action/contact/create-contact.ts","statementMap":{"0":{"start":{"line":12,"column":22},"end":{"line":12,"column":76}},"1":{"start":{"line":14,"column":27},"end":{"line":22,"column":6}},"2":{"start":{"line":24,"column":4},"end":{"line":24,"column":25}}},"fnMap":{"0":{"name":"(anonymous_0)","decl":{"start":{"line":8,"column":2},"end":{"line":8,"column":3}},"loc":{"start":{"line":11,"column":22},"end":{"line":25,"column":3}},"line":11}},"branchMap":{},"s":{"0":58,"1":57,"2":57},"f":{"0":58},"b":{},"_coverageSchema":"1a1c01bbd47fc00a2c39e90264f33305004495a9","hash":"46121443dba187255c172359d509e8aa420a8ffe"}
,"/app/src/action/contact/delete-contact.ts": {"path":"/app/src/action/contact/delete-contact.ts","statementMap":{"0":{"start":{"line":7,"column":20},"end":{"line":7,"column":61}},"1":{"start":{"line":9,"column":27},"end":{"line":13,"column":6}},"2":{"start":{"line":15,"column":4},"end":{"line":15,"column":25}}},"fnMap":{"0":{"name":"(anonymous_0)","decl":{"start":{"line":6,"column":2},"end":{"line":6,"column":3}},"loc":{"start":{"line":6,"column":54},"end":{"line":16,"column":3}},"line":6}},"branchMap":{},"s":{"0":2,"1":1,"2":1},"f":{"0":2},"b":{},"_coverageSchema":"1a1c01bbd47fc00a2c39e90264f33305004495a9","hash":"db83373a7f09ea76966e05fe85eb63334e461b82"}
,"/app/src/action/contact/get-contact.ts": {"path":"/app/src/action/contact/get-contact.ts","statementMap":{"0":{"start":{"line":7,"column":20},"end":{"line":12,"column":6}},"1":{"start":{"line":14,"column":4},"end":{"line":16,"column":5}},"2":{"start":{"line":15,"column":6},"end":{"line":15,"column":73}},"3":{"start":{"line":18,"column":4},"end":{"line":18,"column":18}}},"fnMap":{"0":{"name":"(anonymous_0)","decl":{"start":{"line":6,"column":2},"end":{"line":6,"column":3}},"loc":{"start":{"line":6,"column":54},"end":{"line":19,"column":3}},"line":6}},"branchMap":{"0":{"loc":{"start":{"line":14,"column":4},"end":{"line":16,"column":5}},"type":"if","locations":[{"start":{"line":14,"column":4},"end":{"line":16,"column":5}},{"start":{},"end":{}}],"line":14}},"s":{"0":18,"1":18,"2":3,"3":15},"f":{"0":18},"b":{"0":[3,15]},"_coverageSchema":"1a1c01bbd47fc00a2c39e90264f33305004495a9","hash":"13ec1ac608eea8355ef851ede24437a715643b69"}
,"/app/src/action/contact/search-contact.ts": {"path":"/app/src/action/contact/search-contact.ts","statementMap":{"0":{"start":{"line":13,"column":22},"end":{"line":13,"column":76}},"1":{"start":{"line":15,"column":26},"end":{"line":15,"column":28}},"2":{"start":{"line":17,"column":4},"end":{"line":32,"column":5}},"3":{"start":{"line":18,"column":6},"end":{"line":31,"column":8}},"4":{"start":{"line":34,"column":4},"end":{"line":40,"column":5}},"5":{"start":{"line":35,"column":6},"end":{"line":39,"column":8}},"6":{"start":{"line":42,"column":4},"end":{"line":48,"column":5}},"7":{"start":{"line":43,"column":6},"end":{"line":47,"column":8}},"8":{"start":{"line":50,"column":18},"end":{"line":55,"column":5}},"9":{"start":{"line":57,"column":21},"end":{"line":63,"column":6}},"10":{"start":{"line":65,"column":26},"end":{"line":65,"column":65}},"11":{"start":{"line":67,"column":4},"end":{"line":74,"column":5}}},"fnMap":{"0":{"name":"(anonymous_0)","decl":{"start":{"line":9,"column":2},"end":{"line":9,"column":3}},"loc":{"start":{"line":12,"column":36},"end":{"line":75,"column":3}},"line":12}},"branchMap":{"0":{"loc":{"start":{"line":17,"column":4},"end":{"line":32,"column":5}},"type":"if","locations":[{"start":{"line":17,"column":4},"end":{"line":32,"column":5}},{"start":{},"end":{}}],"line":17},"1":{"loc":{"start":{"line":34,"column":4},"end":{"line":40,"column":5}},"type":"if","locations":[{"start":{"line":34,"column":4},"end":{"line":40,"column":5}},{"start":{},"end":{}}],"line":34},"2":{"loc":{"start":{"line":42,"column":4},"end":{"line":48,"column":5}},"type":"if","locations":[{"start":{"line":42,"column":4},"end":{"line":48,"column":5}},{"start":{},"end":{}}],"line":42}},"s":{"0":9,"1":8,"2":8,"3":3,"4":8,"5":2,"6":8,"7":2,"8":8,"9":8,"10":8,"11":8},"f":{"0":9},"b":{"0":[3,5],"1":[2,6],"2":[2,6]},"_coverageSchema":"1a1c01bbd47fc00a2c39e90264f33305004495a9","hash":"854c23132acda9c6e7ef5ca0f7cc73d5956fc7dd"}
,"/app/src/action/contact/update-contact.ts": {"path":"/app/src/action/contact/update-contact.ts","statementMap":{"0":{"start":{"line":13,"column":22},"end":{"line":13,"column":76}},"1":{"start":{"line":15,"column":20},"end":{"line":15,"column":62}},"2":{"start":{"line":17,"column":4},"end":{"line":22,"column":6}}},"fnMap":{"0":{"name":"(anonymous_0)","decl":{"start":{"line":9,"column":2},"end":{"line":9,"column":3}},"loc":{"start":{"line":12,"column":22},"end":{"line":23,"column":3}},"line":12}},"branchMap":{},"s":{"0":2,"1":1,"2":1},"f":{"0":2},"b":{},"_coverageSchema":"1a1c01bbd47fc00a2c39e90264f33305004495a9","hash":"1582de463ef0d9868d303ba48ab4274261402c61"}
,"/app/src/action/user/create-user.ts": {"path":"/app/src/action/user/create-user.ts","statementMap":{"0":{"start":{"line":15,"column":28},"end":{"line":18,"column":5}},"1":{"start":{"line":20,"column":19},"end":{"line":27,"column":6}},"2":{"start":{"line":29,"column":4},"end":{"line":31,"column":5}},"3":{"start":{"line":30,"column":6},"end":{"line":30,"column":61}},"4":{"start":{"line":33,"column":4},"end":{"line":35,"column":16}},"5":{"start":{"line":37,"column":17},"end":{"line":39,"column":6}},"6":{"start":{"line":41,"column":4},"end":{"line":41,"column":15}}},"fnMap":{"0":{"name":"(anonymous_0)","decl":{"start":{"line":14,"column":2},"end":{"line":14,"column":3}},"loc":{"start":{"line":14,"column":66},"end":{"line":42,"column":3}},"line":14}},"branchMap":{"0":{"loc":{"start":{"line":29,"column":4},"end":{"line":31,"column":5}},"type":"if","locations":[{"start":{"line":29,"column":4},"end":{"line":31,"column":5}},{"start":{},"end":{}}],"line":29}},"s":{"0":39,"1":37,"2":37,"3":0,"4":37,"5":37,"6":37},"f":{"0":39},"b":{"0":[0,37]},"_coverageSchema":"1a1c01bbd47fc00a2c39e90264f33305004495a9","hash":"cfc4a1576a5669025b28d32e576818c3cb71b7bc"}
,"/app/src/action/user/get-user-by-token.ts": {"path":"/app/src/action/user/get-user-by-token.ts","statementMap":{"0":{"start":{"line":12,"column":17},"end":{"line":16,"column":6}},"1":{"start":{"line":18,"column":4},"end":{"line":20,"column":5}},"2":{"start":{"line":19,"column":6},"end":{"line":19,"column":57}},"3":{"start":{"line":22,"column":4},"end":{"line":22,"column":15}}},"fnMap":{"0":{"name":"(anonymous_0)","decl":{"start":{"line":11,"column":2},"end":{"line":11,"column":3}},"loc":{"start":{"line":11,"column":70},"end":{"line":23,"column":3}},"line":11}},"branchMap":{"0":{"loc":{"start":{"line":18,"column":4},"end":{"line":20,"column":5}},"type":"if","locations":[{"start":{"line":18,"column":4},"end":{"line":20,"column":5}},{"start":{},"end":{}}],"line":18}},"s":{"0":37,"1":37,"2":2,"3":35},"f":{"0":37},"b":{"0":[2,35]},"_coverageSchema":"1a1c01bbd47fc00a2c39e90264f33305004495a9","hash":"81a50a561b8374310256f8c6623fc541fae6d821"}
,"/app/src/action/user/login-user.ts": {"path":"/app/src/action/user/login-user.ts","statementMap":{"0":{"start":{"line":12,"column":4},"end":{"line":12,"column":54}},"1":{"start":{"line":14,"column":17},"end":{"line":18,"column":6}},"2":{"start":{"line":20,"column":4},"end":{"line":22,"column":5}},"3":{"start":{"line":21,"column":6},"end":{"line":21,"column":69}},"4":{"start":{"line":24,"column":27},"end":{"line":24,"column":80}},"5":{"start":{"line":26,"column":4},"end":{"line":28,"column":5}},"6":{"start":{"line":27,"column":6},"end":{"line":27,"column":69}},"7":{"start":{"line":30,"column":24},"end":{"line":37,"column":6}},"8":{"start":{"line":39,"column":4},"end":{"line":39,"column":22}}},"fnMap":{"0":{"name":"(anonymous_0)","decl":{"start":{"line":11,"column":2},"end":{"line":11,"column":3}},"loc":{"start":{"line":11,"column":65},"end":{"line":40,"column":3}},"line":11}},"branchMap":{"0":{"loc":{"start":{"line":20,"column":4},"end":{"line":22,"column":5}},"type":"if","locations":[{"start":{"line":20,"column":4},"end":{"line":22,"column":5}},{"start":{},"end":{}}],"line":20},"1":{"loc":{"start":{"line":26,"column":4},"end":{"line":28,"column":5}},"type":"if","locations":[{"start":{"line":26,"column":4},"end":{"line":28,"column":5}},{"start":{},"end":{}}],"line":26}},"s":{"0":37,"1":37,"2":37,"3":1,"4":36,"5":36,"6":1,"7":35,"8":35},"f":{"0":37},"b":{"0":[1,36],"1":[1,35]},"_coverageSchema":"1a1c01bbd47fc00a2c39e90264f33305004495a9","hash":"34c7934423c6a7968de71ab139b990ebba58b78d"}
,"/app/src/action/user/logout-user.ts": {"path":"/app/src/action/user/logout-user.ts","statementMap":{"0":{"start":{"line":6,"column":24},"end":{"line":13,"column":6}},"1":{"start":{"line":15,"column":4},"end":{"line":15,"column":22}}},"fnMap":{"0":{"name":"(anonymous_0)","decl":{"start":{"line":5,"column":2},"end":{"line":5,"column":3}},"loc":{"start":{"line":5,"column":50},"end":{"line":16,"column":3}},"line":5}},"branchMap":{},"s":{"0":1,"1":1},"f":{"0":1},"b":{},"_coverageSchema":"1a1c01bbd47fc00a2c39e90264f33305004495a9","hash":"6a87273fbfee021d8258e0aceabeeca708104a27"}
,"/app/src/action/user/update-user.ts": {"path":"/app/src/action/user/update-user.ts","statementMap":{"0":{"start":{"line":10,"column":4},"end":{"line":10,"column":55}},"1":{"start":{"line":12,"column":34},"end":{"line":12,"column":36}},"2":{"start":{"line":14,"column":4},"end":{"line":16,"column":5}},"3":{"start":{"line":15,"column":6},"end":{"line":15,"column":30}},"4":{"start":{"line":18,"column":4},"end":{"line":20,"column":5}},"5":{"start":{"line":19,"column":6},"end":{"line":19,"column":74}},"6":{"start":{"line":22,"column":24},"end":{"line":28,"column":6}},"7":{"start":{"line":30,"column":4},"end":{"line":30,"column":22}}},"fnMap":{"0":{"name":"(anonymous_0)","decl":{"start":{"line":9,"column":2},"end":{"line":9,"column":3}},"loc":{"start":{"line":9,"column":78},"end":{"line":31,"column":3}},"line":9}},"branchMap":{"0":{"loc":{"start":{"line":14,"column":4},"end":{"line":16,"column":5}},"type":"if","locations":[{"start":{"line":14,"column":4},"end":{"line":16,"column":5}},{"start":{},"end":{}}],"line":14},"1":{"loc":{"start":{"line":18,"column":4},"end":{"line":20,"column":5}},"type":"if","locations":[{"start":{"line":18,"column":4},"end":{"line":20,"column":5}},{"start":{},"end":{}}],"line":18}},"s":{"0":4,"1":3,"2":3,"3":2,"4":3,"5":2,"6":3,"7":3},"f":{"0":4},"b":{"0":[2,1],"1":[2,1]},"_coverageSchema":"1a1c01bbd47fc00a2c39e90264f33305004495a9","hash":"e7de4abfaf1c8032507c48d0231ac7c6fabd1758"}
,"/app/src/application/database.ts": {"path":"/app/src/application/database.ts","statementMap":{"0":{"start":{"line":4,"column":28},"end":{"line":23,"column":2}},"1":{"start":{"line":25,"column":0},"end":{"line":27,"column":2}},"2":{"start":{"line":29,"column":0},"end":{"line":31,"column":2}},"3":{"start":{"line":33,"column":0},"end":{"line":35,"column":2}},"4":{"start":{"line":37,"column":0},"end":{"line":39,"column":2}}},"fnMap":{"0":{"name":"(anonymous_0)","decl":{"start":{"line":25,"column":26},"end":{"line":25,"column":27}},"loc":{"start":{"line":25,"column":41},"end":{"line":27,"column":1}},"line":25},"1":{"name":"(anonymous_1)","decl":{"start":{"line":29,"column":25},"end":{"line":29,"column":26}},"loc":{"start":{"line":29,"column":40},"end":{"line":31,"column":1}},"line":29},"2":{"name":"(anonymous_2)","decl":{"start":{"line":33,"column":25},"end":{"line":33,"column":26}},"loc":{"start":{"line":33,"column":40},"end":{"line":35,"column":1}},"line":33},"3":{"name":"(anonymous_3)","decl":{"start":{"line":37,"column":26},"end":{"line":37,"column":27}},"loc":{"start":{"line":37,"column":41},"end":{"line":39,"column":1}},"line":37}},"branchMap":{},"s":{"0":3,"1":3,"2":3,"3":3,"4":3},"f":{"0":0,"1":0,"2":3,"3":768},"b":{},"_coverageSchema":"1a1c01bbd47fc00a2c39e90264f33305004495a9","hash":"d942ccfcbfb8fd5b965441c4b6f2ceb8474c84fa"}
,"/app/src/application/web.ts": {"path":"/app/src/application/web.ts","statementMap":{"0":{"start":{"line":6,"column":19},"end":{"line":6,"column":28}},"1":{"start":{"line":8,"column":0},"end":{"line":10,"column":1}},"2":{"start":{"line":9,"column":2},"end":{"line":9,"column":24}},"3":{"start":{"line":12,"column":0},"end":{"line":12,"column":77}}},"fnMap":{"0":{"name":"(anonymous_0)","decl":{"start":{"line":8,"column":26},"end":{"line":8,"column":27}},"loc":{"start":{"line":8,"column":38},"end":{"line":10,"column":1}},"line":8}},"branchMap":{},"s":{"0":3,"1":3,"2":28,"3":3},"f":{"0":28},"b":{},"_coverageSchema":"1a1c01bbd47fc00a2c39e90264f33305004495a9","hash":"39f0ce69651094913ea82d82f2dcba3bd3007e94"}
,"/app/src/controller/address-controller.ts": {"path":"/app/src/controller/address-controller.ts","statementMap":{"0":{"start":{"line":10,"column":4},"end":{"line":20,"column":5}},"1":{"start":{"line":11,"column":19},"end":{"line":11,"column":51}},"2":{"start":{"line":13,"column":6},"end":{"line":13,"column":52}},"3":{"start":{"line":15,"column":23},"end":{"line":15,"column":67}},"4":{"start":{"line":17,"column":6},"end":{"line":17,"column":55}},"5":{"start":{"line":19,"column":6},"end":{"line":19,"column":13}},"6":{"start":{"line":24,"column":4},"end":{"line":34,"column":5}},"7":{"start":{"line":25,"column":24},"end":{"line":25,"column":52}},"8":{"start":{"line":27,"column":24},"end":{"line":27,"column":52}},"9":{"start":{"line":29,"column":23},"end":{"line":29,"column":81}},"10":{"start":{"line":31,"column":6},"end":{"line":31,"column":55}},"11":{"start":{"line":33,"column":6},"end":{"line":33,"column":13}},"12":{"start":{"line":38,"column":4},"end":{"line":50,"column":5}},"13":{"start":{"line":39,"column":17},"end":{"line":39,"column":25}},"14":{"start":{"line":41,"column":6},"end":{"line":41,"column":52}},"15":{"start":{"line":43,"column":6},"end":{"line":43,"column":44}},"16":{"start":{"line":45,"column":22},"end":{"line":45,"column":67}},"17":{"start":{"line":47,"column":6},"end":{"line":47,"column":54}},"18":{"start":{"line":49,"column":6},"end":{"line":49,"column":13}}},"fnMap":{"0":{"name":"(anonymous_0)","decl":{"start":{"line":9,"column":2},"end":{"line":9,"column":3}},"loc":{"start":{"line":9,"column":75},"end":{"line":21,"column":3}},"line":9},"1":{"name":"(anonymous_1)","decl":{"start":{"line":23,"column":2},"end":{"line":23,"column":3}},"loc":{"start":{"line":23,"column":72},"end":{"line":35,"column":3}},"line":23},"2":{"name":"(anonymous_2)","decl":{"start":{"line":37,"column":2},"end":{"line":37,"column":3}},"loc":{"start":{"line":37,"column":75},"end":{"line":51,"column":3}},"line":37}},"branchMap":{},"s":{"0":4,"1":4,"2":4,"3":4,"4":2,"5":2,"6":3,"7":3,"8":3,"9":3,"10":1,"11":2,"12":3,"13":3,"14":3,"15":3,"16":3,"17":2,"18":1},"f":{"0":4,"1":3,"2":3},"b":{},"_coverageSchema":"1a1c01bbd47fc00a2c39e90264f33305004495a9","hash":"ac26168e4a811a9d9f3c66ba361fd0552eb8f0c3"}
,"/app/src/controller/contact-controller.ts": {"path":"/app/src/controller/contact-controller.ts","statementMap":{"0":{"start":{"line":16,"column":4},"end":{"line":22,"column":5}},"1":{"start":{"line":17,"column":23},"end":{"line":17,"column":71}},"2":{"start":{"line":19,"column":6},"end":{"line":19,"column":55}},"3":{"start":{"line":21,"column":6},"end":{"line":21,"column":13}},"4":{"start":{"line":30,"column":4},"end":{"line":37,"column":5}},"5":{"start":{"line":31,"column":24},"end":{"line":31,"column":52}},"6":{"start":{"line":32,"column":23},"end":{"line":32,"column":69}},"7":{"start":{"line":34,"column":6},"end":{"line":34,"column":55}},"8":{"start":{"line":36,"column":6},"end":{"line":36,"column":13}},"9":{"start":{"line":45,"column":4},"end":{"line":55,"column":5}},"10":{"start":{"line":46,"column":19},"end":{"line":46,"column":51}},"11":{"start":{"line":48,"column":6},"end":{"line":48,"column":44}},"12":{"start":{"line":50,"column":23},"end":{"line":50,"column":67}},"13":{"start":{"line":52,"column":6},"end":{"line":52,"column":55}},"14":{"start":{"line":54,"column":6},"end":{"line":54,"column":13}},"15":{"start":{"line":59,"column":4},"end":{"line":67,"column":5}},"16":{"start":{"line":60,"column":24},"end":{"line":60,"column":52}},"17":{"start":{"line":62,"column":23},"end":{"line":62,"column":72}},"18":{"start":{"line":64,"column":6},"end":{"line":64,"column":55}},"19":{"start":{"line":66,"column":6},"end":{"line":66,"column":13}},"20":{"start":{"line":71,"column":4},"end":{"line":77,"column":5}},"21":{"start":{"line":72,"column":23},"end":{"line":72,"column":71}},"22":{"start":{"line":74,"column":6},"end":{"line":74,"column":55}},"23":{"start":{"line":76,"column":6},"end":{"line":76,"column":13}}},"fnMap":{"0":{"name":"(anonymous_0)","decl":{"start":{"line":11,"column":2},"end":{"line":11,"column":3}},"loc":{"start":{"line":15,"column":19},"end":{"line":23,"column":3}},"line":15},"1":{"name":"(anonymous_1)","decl":{"start":{"line":25,"column":2},"end":{"line":25,"column":3}},"loc":{"start":{"line":29,"column":19},"end":{"line":38,"column":3}},"line":29},"2":{"name":"(anonymous_2)","decl":{"start":{"line":40,"column":2},"end":{"line":40,"column":3}},"loc":{"start":{"line":44,"column":19},"end":{"line":56,"column":3}},"line":44},"3":{"name":"(anonymous_3)","decl":{"start":{"line":58,"column":2},"end":{"line":58,"column":3}},"loc":{"start":{"line":58,"column":75},"end":{"line":68,"column":3}},"line":58},"4":{"name":"(anonymous_4)","decl":{"start":{"line":70,"column":2},"end":{"line":70,"column":3}},"loc":{"start":{"line":70,"column":75},"end":{"line":78,"column":3}},"line":70}},"branchMap":{},"s":{"0":3,"1":3,"2":2,"3":1,"4":2,"5":2,"6":2,"7":1,"8":1,"9":2,"10":2,"11":2,"12":2,"13":1,"14":1,"15":2,"16":2,"17":2,"18":1,"19":1,"20":9,"21":9,"22":8,"23":1},"f":{"0":3,"1":2,"2":2,"3":2,"4":9},"b":{},"_coverageSchema":"1a1c01bbd47fc00a2c39e90264f33305004495a9","hash":"6b46d646d59f7ec9533f46f714c18a16bc29a3e5"}
,"/app/src/controller/user-controller.ts": {"path":"/app/src/controller/user-controller.ts","statementMap":{"0":{"start":{"line":11,"column":4},"end":{"line":17,"column":5}},"1":{"start":{"line":12,"column":23},"end":{"line":12,"column":57}},"2":{"start":{"line":14,"column":6},"end":{"line":14,"column":52}},"3":{"start":{"line":16,"column":6},"end":{"line":16,"column":13}},"4":{"start":{"line":21,"column":4},"end":{"line":27,"column":5}},"5":{"start":{"line":22,"column":23},"end":{"line":22,"column":56}},"6":{"start":{"line":24,"column":6},"end":{"line":24,"column":52}},"7":{"start":{"line":26,"column":6},"end":{"line":26,"column":13}},"8":{"start":{"line":35,"column":4},"end":{"line":39,"column":5}},"9":{"start":{"line":36,"column":6},"end":{"line":36,"column":53}},"10":{"start":{"line":38,"column":6},"end":{"line":38,"column":13}},"11":{"start":{"line":43,"column":4},"end":{"line":49,"column":5}},"12":{"start":{"line":44,"column":19},"end":{"line":44,"column":64}},"13":{"start":{"line":46,"column":6},"end":{"line":46,"column":48}},"14":{"start":{"line":48,"column":6},"end":{"line":48,"column":13}},"15":{"start":{"line":53,"column":4},"end":{"line":59,"column":5}},"16":{"start":{"line":54,"column":23},"end":{"line":54,"column":58}},"17":{"start":{"line":56,"column":6},"end":{"line":56,"column":52}},"18":{"start":{"line":58,"column":6},"end":{"line":58,"column":13}}},"fnMap":{"0":{"name":"(anonymous_0)","decl":{"start":{"line":10,"column":2},"end":{"line":10,"column":3}},"loc":{"start":{"line":10,"column":73},"end":{"line":18,"column":3}},"line":10},"1":{"name":"(anonymous_1)","decl":{"start":{"line":20,"column":2},"end":{"line":20,"column":3}},"loc":{"start":{"line":20,"column":70},"end":{"line":28,"column":3}},"line":20},"2":{"name":"(anonymous_2)","decl":{"start":{"line":30,"column":2},"end":{"line":30,"column":3}},"loc":{"start":{"line":34,"column":4},"end":{"line":40,"column":3}},"line":34},"3":{"name":"(anonymous_3)","decl":{"start":{"line":42,"column":2},"end":{"line":42,"column":3}},"loc":{"start":{"line":42,"column":79},"end":{"line":50,"column":3}},"line":42},"4":{"name":"(anonymous_4)","decl":{"start":{"line":52,"column":2},"end":{"line":52,"column":3}},"loc":{"start":{"line":52,"column":79},"end":{"line":60,"column":3}},"line":52}},"branchMap":{},"s":{"0":3,"1":3,"2":1,"3":2,"4":3,"5":3,"6":1,"7":2,"8":1,"9":1,"10":0,"11":4,"12":4,"13":3,"14":1,"15":1,"16":1,"17":1,"18":0},"f":{"0":3,"1":3,"2":1,"3":4,"4":1},"b":{},"_coverageSchema":"1a1c01bbd47fc00a2c39e90264f33305004495a9","hash":"f2b38bc8ffc779ecebfce6dd4e873bcda45db985"}
,"/app/src/error/response-error.ts": {"path":"/app/src/error/response-error.ts","statementMap":{"0":{"start":{"line":6,"column":4},"end":{"line":6,"column":18}}},"fnMap":{"0":{"name":"(anonymous_0)","decl":{"start":{"line":2,"column":2},"end":{"line":2,"column":3}},"loc":{"start":{"line":5,"column":4},"end":{"line":7,"column":3}},"line":5}},"branchMap":{},"s":{"0":9},"f":{"0":9},"b":{},"_coverageSchema":"1a1c01bbd47fc00a2c39e90264f33305004495a9","hash":"53b5b1fc94006b5cd22d6a54d3c5ea9e388eb591"}
,"/app/src/middleware/user.ts": {"path":"/app/src/middleware/user.ts","statementMap":{"0":{"start":{"line":5,"column":20},"end":{"line":21,"column":1}},"1":{"start":{"line":10,"column":2},"end":{"line":20,"column":3}},"2":{"start":{"line":11,"column":17},"end":{"line":11,"column":74}},"3":{"start":{"line":13,"column":4},"end":{"line":13,"column":19}},"4":{"start":{"line":15,"column":4},"end":{"line":15,"column":10}},"5":{"start":{"line":17,"column":4},"end":{"line":19,"column":6}}},"fnMap":{"0":{"name":"(anonymous_0)","decl":{"start":{"line":5,"column":20},"end":{"line":5,"column":21}},"loc":{"start":{"line":9,"column":5},"end":{"line":21,"column":1}},"line":9}},"branchMap":{},"s":{"0":3,"1":36,"2":36,"3":34,"4":34,"5":2},"f":{"0":36},"b":{},"_coverageSchema":"1a1c01bbd47fc00a2c39e90264f33305004495a9","hash":"c3a3b2b64809cb966e59e0975e84e3475a4249e4"}
,"/app/src/middleware/validation.ts": {"path":"/app/src/middleware/validation.ts","statementMap":{"0":{"start":{"line":5,"column":31},"end":{"line":26,"column":1}},"1":{"start":{"line":11,"column":2},"end":{"line":15,"column":3}},"2":{"start":{"line":12,"column":4},"end":{"line":14,"column":6}},"3":{"start":{"line":17,"column":2},"end":{"line":21,"column":3}},"4":{"start":{"line":18,"column":4},"end":{"line":20,"column":6}},"5":{"start":{"line":23,"column":2},"end":{"line":25,"column":4}}},"fnMap":{"0":{"name":"(anonymous_0)","decl":{"start":{"line":5,"column":31},"end":{"line":5,"column":32}},"loc":{"start":{"line":10,"column":5},"end":{"line":26,"column":1}},"line":10}},"branchMap":{"0":{"loc":{"start":{"line":11,"column":2},"end":{"line":15,"column":3}},"type":"if","locations":[{"start":{"line":11,"column":2},"end":{"line":15,"column":3}},{"start":{},"end":{}}],"line":11},"1":{"loc":{"start":{"line":17,"column":2},"end":{"line":21,"column":3}},"type":"if","locations":[{"start":{"line":17,"column":2},"end":{"line":21,"column":3}},{"start":{},"end":{}}],"line":17}},"s":{"0":3,"1":15,"2":8,"3":7,"4":7,"5":0},"f":{"0":15},"b":{"0":[8,7],"1":[7,0]},"_coverageSchema":"1a1c01bbd47fc00a2c39e90264f33305004495a9","hash":"8e19017e7d45832e2a8a8751f17c04065bbdbd20"}
,"/app/src/model/address-model.ts": {"path":"/app/src/model/address-model.ts","statementMap":{"0":{"start":{"line":30,"column":19},"end":{"line":38,"column":4}},"1":{"start":{"line":30,"column":42},"end":{"line":38,"column":3}},"2":{"start":{"line":40,"column":2},"end":{"line":45,"column":3}},"3":{"start":{"line":41,"column":4},"end":{"line":44,"column":5}},"4":{"start":{"line":47,"column":2},"end":{"line":49,"column":3}}},"fnMap":{"0":{"name":"toAddressResponse","decl":{"start":{"line":27,"column":16},"end":{"line":27,"column":33}},"loc":{"start":{"line":29,"column":61},"end":{"line":50,"column":1}},"line":29},"1":{"name":"(anonymous_1)","decl":{"start":{"line":30,"column":19},"end":{"line":30,"column":20}},"loc":{"start":{"line":30,"column":42},"end":{"line":38,"column":3}},"line":30}},"branchMap":{"0":{"loc":{"start":{"line":40,"column":2},"end":{"line":45,"column":3}},"type":"if","locations":[{"start":{"line":40,"column":2},"end":{"line":45,"column":3}},{"start":{},"end":{}}],"line":40}},"s":{"0":5,"1":5,"2":5,"3":0,"4":5},"f":{"0":5,"1":5},"b":{"0":[0,5]},"_coverageSchema":"1a1c01bbd47fc00a2c39e90264f33305004495a9","hash":"866041c2b36c310d9f6ba6f2c9854abecb36b4a5"}
,"/app/src/model/contact-model.ts": {"path":"/app/src/model/contact-model.ts","statementMap":{"0":{"start":{"line":33,"column":17},"end":{"line":39,"column":4}},"1":{"start":{"line":33,"column":40},"end":{"line":39,"column":3}},"2":{"start":{"line":41,"column":2},"end":{"line":46,"column":3}},"3":{"start":{"line":42,"column":4},"end":{"line":45,"column":5}},"4":{"start":{"line":48,"column":2},"end":{"line":50,"column":3}},"5":{"start":{"line":53,"column":29},"end":{"line":55,"column":51}},"6":{"start":{"line":55,"column":28},"end":{"line":55,"column":51}}},"fnMap":{"0":{"name":"toContactResponse","decl":{"start":{"line":30,"column":16},"end":{"line":30,"column":33}},"loc":{"start":{"line":32,"column":61},"end":{"line":51,"column":1}},"line":32},"1":{"name":"(anonymous_1)","decl":{"start":{"line":33,"column":17},"end":{"line":33,"column":18}},"loc":{"start":{"line":33,"column":40},"end":{"line":39,"column":3}},"line":33},"2":{"name":"(anonymous_2)","decl":{"start":{"line":53,"column":29},"end":{"line":53,"column":30}},"loc":{"start":{"line":55,"column":28},"end":{"line":55,"column":51}},"line":55}},"branchMap":{"0":{"loc":{"start":{"line":41,"column":2},"end":{"line":46,"column":3}},"type":"if","locations":[{"start":{"line":41,"column":2},"end":{"line":46,"column":3}},{"start":{},"end":{}}],"line":41}},"s":{"0":13,"1":20,"2":13,"3":8,"4":5,"5":3,"6":0},"f":{"0":13,"1":20,"2":0},"b":{"0":[8,5]},"_coverageSchema":"1a1c01bbd47fc00a2c39e90264f33305004495a9","hash":"4f05a14fa9a3c130ca38fb8311a19b5ffabe6f3c"}
,"/app/src/model/page-model.ts": {"path":"/app/src/model/page-model.ts","statementMap":{"0":{"start":{"line":16,"column":28},"end":{"line":18,"column":70}},"1":{"start":{"line":18,"column":28},"end":{"line":18,"column":70}}},"fnMap":{"0":{"name":"(anonymous_0)","decl":{"start":{"line":16,"column":28},"end":{"line":16,"column":29}},"loc":{"start":{"line":18,"column":28},"end":{"line":18,"column":70}},"line":18}},"branchMap":{},"s":{"0":3,"1":18},"f":{"0":18},"b":{},"_coverageSchema":"1a1c01bbd47fc00a2c39e90264f33305004495a9","hash":"362068944a66143c2885ef91379cae4bc32df75e"}
,"/app/src/model/user-model.ts": {"path":"/app/src/model/user-model.ts","statementMap":{"0":{"start":{"line":35,"column":2},"end":{"line":41,"column":3}}},"fnMap":{"0":{"name":"toUserResponse","decl":{"start":{"line":30,"column":16},"end":{"line":30,"column":30}},"loc":{"start":{"line":34,"column":33},"end":{"line":42,"column":1}},"line":34}},"branchMap":{},"s":{"0":7},"f":{"0":7},"b":{},"_coverageSchema":"1a1c01bbd47fc00a2c39e90264f33305004495a9","hash":"eae68ce0b8e177690c4846e9f965085712f1ece9"}
,"/app/src/route/api.ts": {"path":"/app/src/route/api.ts","statementMap":{"0":{"start":{"line":7,"column":25},"end":{"line":7,"column":41}},"1":{"start":{"line":8,"column":0},"end":{"line":8,"column":19}},"2":{"start":{"line":10,"column":0},"end":{"line":10,"column":63}},"3":{"start":{"line":11,"column":0},"end":{"line":11,"column":64}},"4":{"start":{"line":12,"column":0},"end":{"line":12,"column":56}},"5":{"start":{"line":14,"column":0},"end":{"line":14,"column":57}},"6":{"start":{"line":15,"column":0},"end":{"line":15,"column":64}},"7":{"start":{"line":16,"column":0},"end":{"line":16,"column":67}},"8":{"start":{"line":17,"column":0},"end":{"line":17,"column":70}},"9":{"start":{"line":18,"column":0},"end":{"line":18,"column":64}},"10":{"start":{"line":20,"column":0},"end":{"line":20,"column":78}},"11":{"start":{"line":21,"column":0},"end":{"line":21,"column":85}},"12":{"start":{"line":22,"column":0},"end":{"line":22,"column":88}}},"fnMap":{},"branchMap":{},"s":{"0":3,"1":3,"2":3,"3":3,"4":3,"5":3,"6":3,"7":3,"8":3,"9":3,"10":3,"11":3,"12":3},"f":{},"b":{},"_coverageSchema":"1a1c01bbd47fc00a2c39e90264f33305004495a9","hash":"923faa828f0316491b58c4bbeefa0afbb7c9c00c"}
,"/app/src/route/public-api.ts": {"path":"/app/src/route/public-api.ts","statementMap":{"0":{"start":{"line":4,"column":28},"end":{"line":4,"column":44}},"1":{"start":{"line":6,"column":0},"end":{"line":6,"column":53}},"2":{"start":{"line":7,"column":0},"end":{"line":7,"column":56}}},"fnMap":{},"branchMap":{},"s":{"0":3,"1":3,"2":3},"f":{},"b":{},"_coverageSchema":"1a1c01bbd47fc00a2c39e90264f33305004495a9","hash":"7b32b80a6b1317f6212c15ba92952d20969afc51"}
,"/app/src/validation/address-validation.ts": {"path":"/app/src/validation/address-validation.ts","statementMap":{"0":{"start":{"line":4,"column":29},"end":{"line":11,"column":3}},"1":{"start":{"line":13,"column":36},"end":{"line":13,"column":59}},"2":{"start":{"line":15,"column":36},"end":{"line":18,"column":4}}},"fnMap":{},"branchMap":{},"s":{"0":3,"1":3,"2":3},"f":{},"b":{},"_coverageSchema":"1a1c01bbd47fc00a2c39e90264f33305004495a9","hash":"2b680d23c2f0317d9ce0888c16d86914be888046"}
,"/app/src/validation/contact-validation.ts": {"path":"/app/src/validation/contact-validation.ts","statementMap":{"0":{"start":{"line":4,"column":29},"end":{"line":9,"column":3}},"1":{"start":{"line":11,"column":36},"end":{"line":11,"column":59}},"2":{"start":{"line":13,"column":36},"end":{"line":16,"column":4}},"3":{"start":{"line":18,"column":36},"end":{"line":24,"column":4}}},"fnMap":{},"branchMap":{},"s":{"0":3,"1":3,"2":3,"3":3},"f":{},"b":{},"_coverageSchema":"1a1c01bbd47fc00a2c39e90264f33305004495a9","hash":"29e2a8f7d6107b4bc3bd4e482b36f884bb1d5c3b"}
,"/app/src/validation/user-validation.ts": {"path":"/app/src/validation/user-validation.ts","statementMap":{"0":{"start":{"line":4,"column":38},"end":{"line":8,"column":4}},"1":{"start":{"line":10,"column":35},"end":{"line":13,"column":4}},"2":{"start":{"line":15,"column":36},"end":{"line":18,"column":4}}},"fnMap":{},"branchMap":{},"s":{"0":3,"1":3,"2":3},"f":{},"b":{},"_coverageSchema":"1a1c01bbd47fc00a2c39e90264f33305004495a9","hash":"dddbafb89f43bc7feea4f74c3773ec14039f49c2"}
,"/app/src/validation/validation.ts": {"path":"/app/src/validation/validation.ts","statementMap":{"0":{"start":{"line":5,"column":4},"end":{"line":5,"column":29}}},"fnMap":{"0":{"name":"(anonymous_0)","decl":{"start":{"line":4,"column":2},"end":{"line":4,"column":3}},"loc":{"start":{"line":4,"column":53},"end":{"line":6,"column":3}},"line":4}},"branchMap":{},"s":{"0":161},"f":{"0":161},"b":{},"_coverageSchema":"1a1c01bbd47fc00a2c39e90264f33305004495a9","hash":"ac003f965488da031f44bb5cb24142086949ecd5"}
,"/app/tests/fixtures/address.ts": {"path":"/app/tests/fixtures/address.ts","statementMap":{"0":{"start":{"line":6,"column":36},"end":{"line":17,"column":2}},"1":{"start":{"line":9,"column":28},"end":{"line":17,"column":1}},"2":{"start":{"line":19,"column":29},"end":{"line":23,"column":1}},"3":{"start":{"line":20,"column":18},"end":{"line":20,"column":47}},"4":{"start":{"line":22,"column":2},"end":{"line":22,"column":51}}},"fnMap":{"0":{"name":"(anonymous_0)","decl":{"start":{"line":6,"column":36},"end":{"line":6,"column":37}},"loc":{"start":{"line":9,"column":28},"end":{"line":17,"column":1}},"line":9},"1":{"name":"(anonymous_1)","decl":{"start":{"line":19,"column":29},"end":{"line":19,"column":30}},"loc":{"start":{"line":19,"column":69},"end":{"line":23,"column":1}},"line":19}},"branchMap":{},"s":{"0":1,"1":10,"2":1,"3":5,"4":5},"f":{"0":10,"1":5},"b":{},"_coverageSchema":"1a1c01bbd47fc00a2c39e90264f33305004495a9","hash":"bc1d3f8dab03f3601add120e1ebe463ea7fda162"}
,"/app/tests/fixtures/contact.ts": {"path":"/app/tests/fixtures/contact.ts","statementMap":{"0":{"start":{"line":6,"column":36},"end":{"line":14,"column":2}},"1":{"start":{"line":8,"column":28},"end":{"line":14,"column":1}},"2":{"start":{"line":16,"column":29},"end":{"line":20,"column":1}},"3":{"start":{"line":17,"column":18},"end":{"line":17,"column":40}},"4":{"start":{"line":19,"column":2},"end":{"line":19,"column":51}}},"fnMap":{"0":{"name":"(anonymous_0)","decl":{"start":{"line":6,"column":36},"end":{"line":6,"column":37}},"loc":{"start":{"line":8,"column":28},"end":{"line":14,"column":1}},"line":8},"1":{"name":"(anonymous_1)","decl":{"start":{"line":16,"column":29},"end":{"line":16,"column":30}},"loc":{"start":{"line":16,"column":51},"end":{"line":20,"column":1}},"line":16}},"branchMap":{},"s":{"0":2,"1":57,"2":2,"3":15,"4":15},"f":{"0":57,"1":15},"b":{},"_coverageSchema":"1a1c01bbd47fc00a2c39e90264f33305004495a9","hash":"105015030d987a06dec7732eeefcf4313c2aa605"}
,"/app/tests/fixtures/user.ts": {"path":"/app/tests/fixtures/user.ts","statementMap":{"0":{"start":{"line":7,"column":33},"end":{"line":13,"column":1}},"1":{"start":{"line":8,"column":2},"end":{"line":12,"column":3}},"2":{"start":{"line":15,"column":26},"end":{"line":21,"column":1}},"3":{"start":{"line":16,"column":18},"end":{"line":16,"column":37}},"4":{"start":{"line":18,"column":2},"end":{"line":18,"column":35}},"5":{"start":{"line":20,"column":2},"end":{"line":20,"column":41}}},"fnMap":{"0":{"name":"(anonymous_0)","decl":{"start":{"line":7,"column":33},"end":{"line":7,"column":34}},"loc":{"start":{"line":7,"column":58},"end":{"line":13,"column":1}},"line":7},"1":{"name":"(anonymous_1)","decl":{"start":{"line":15,"column":26},"end":{"line":15,"column":27}},"loc":{"start":{"line":15,"column":53},"end":{"line":21,"column":1}},"line":15}},"branchMap":{},"s":{"0":3,"1":39,"2":3,"3":28,"4":28,"5":28},"f":{"0":39,"1":28},"b":{},"_coverageSchema":"1a1c01bbd47fc00a2c39e90264f33305004495a9","hash":"9bc52b90a91300d00857a9aad0b7637f514f9502"}
}
