TN:
SF:src/action/address/create-address.ts
FN:9,(anonymous_0)
FNF:1
FNH:1
FNDA:9,(anonymous_0)
DA:13,9
DA:15,8
DA:17,7
DA:21,7
LF:4
LH:4
BRF:0
BRH:0
end_of_record
TN:
SF:src/action/address/get-address.ts
FN:7,(anonymous_0)
FNF:1
FNH:1
FNDA:5,(anonymous_0)
DA:8,5
DA:10,5
DA:17,5
DA:18,2
DA:21,3
LF:5
LH:5
BRDA:17,0,0,2
BRDA:17,0,1,3
BRF:2
BRH:2
end_of_record
TN:
SF:src/action/address/update-address.ts
FN:10,(anonymous_0)
FNF:1
FNH:1
FNDA:3,(anonymous_0)
DA:11,3
DA:13,2
DA:15,2
DA:28,2
LF:4
LH:4
BRDA:17,0,0,2
BRDA:17,0,1,1
BRDA:18,1,0,2
BRDA:18,1,1,1
BRDA:19,2,0,2
BRDA:19,2,1,1
BRF:6
BRH:6
end_of_record
TN:
SF:src/action/contact/create-contact.ts
FN:8,(anonymous_0)
FNF:1
FNH:1
FNDA:58,(anonymous_0)
DA:12,58
DA:14,57
DA:24,57
LF:3
LH:3
BRF:0
BRH:0
end_of_record
TN:
SF:src/action/contact/delete-contact.ts
FN:6,(anonymous_0)
FNF:1
FNH:1
FNDA:2,(anonymous_0)
DA:7,2
DA:9,1
DA:15,1
LF:3
LH:3
BRF:0
BRH:0
end_of_record
TN:
SF:src/action/contact/get-contact.ts
FN:6,(anonymous_0)
FNF:1
FNH:1
FNDA:18,(anonymous_0)
DA:7,18
DA:14,18
DA:15,3
DA:18,15
LF:4
LH:4
BRDA:14,0,0,3
BRDA:14,0,1,15
BRF:2
BRH:2
end_of_record
TN:
SF:src/action/contact/search-contact.ts
FN:9,(anonymous_0)
FNF:1
FNH:1
FNDA:9,(anonymous_0)
DA:13,9
DA:15,8
DA:17,8
DA:18,3
DA:34,8
DA:35,2
DA:42,8
DA:43,2
DA:50,8
DA:57,8
DA:65,8
DA:67,8
LF:12
LH:12
BRDA:17,0,0,3
BRDA:17,0,1,5
BRDA:34,1,0,2
BRDA:34,1,1,6
BRDA:42,2,0,2
BRDA:42,2,1,6
BRF:6
BRH:6
end_of_record
TN:
SF:src/action/contact/update-contact.ts
FN:9,(anonymous_0)
FNF:1
FNH:1
FNDA:2,(anonymous_0)
DA:13,2
DA:15,1
DA:17,1
LF:3
LH:3
BRF:0
BRH:0
end_of_record
TN:
SF:src/action/user/create-user.ts
FN:14,(anonymous_0)
FNF:1
FNH:1
FNDA:39,(anonymous_0)
DA:15,39
DA:20,37
DA:29,37
DA:30,0
DA:33,37
DA:37,37
DA:41,37
LF:7
LH:6
BRDA:29,0,0,0
BRDA:29,0,1,37
BRF:2
BRH:1
end_of_record
TN:
SF:src/action/user/get-user-by-token.ts
FN:11,(anonymous_0)
FNF:1
FNH:1
FNDA:37,(anonymous_0)
DA:12,37
DA:18,37
DA:19,2
DA:22,35
LF:4
LH:4
BRDA:18,0,0,2
BRDA:18,0,1,35
BRF:2
BRH:2
end_of_record
TN:
SF:src/action/user/login-user.ts
FN:11,(anonymous_0)
FNF:1
FNH:1
FNDA:37,(anonymous_0)
DA:12,37
DA:14,37
DA:20,37
DA:21,1
DA:24,36
DA:26,36
DA:27,1
DA:30,35
DA:39,35
LF:9
LH:9
BRDA:20,0,0,1
BRDA:20,0,1,36
BRDA:26,1,0,1
BRDA:26,1,1,35
BRF:4
BRH:4
end_of_record
TN:
SF:src/action/user/logout-user.ts
FN:5,(anonymous_0)
FNF:1
FNH:1
FNDA:1,(anonymous_0)
DA:6,1
DA:15,1
LF:2
LH:2
BRF:0
BRH:0
end_of_record
TN:
SF:src/action/user/update-user.ts
FN:9,(anonymous_0)
FNF:1
FNH:1
FNDA:4,(anonymous_0)
DA:10,4
DA:12,3
DA:14,3
DA:15,2
DA:18,3
DA:19,2
DA:22,3
DA:30,3
LF:8
LH:8
BRDA:14,0,0,2
BRDA:14,0,1,1
BRDA:18,1,0,2
BRDA:18,1,1,1
BRF:4
BRH:4
end_of_record
TN:
SF:src/application/database.ts
FN:25,(anonymous_0)
FN:29,(anonymous_1)
FN:33,(anonymous_2)
FN:37,(anonymous_3)
FNF:4
FNH:2
FNDA:0,(anonymous_0)
FNDA:0,(anonymous_1)
FNDA:3,(anonymous_2)
FNDA:768,(anonymous_3)
DA:4,3
DA:25,3
DA:29,3
DA:33,3
DA:37,3
LF:5
LH:5
BRF:0
BRH:0
end_of_record
TN:
SF:src/application/web.ts
FN:8,(anonymous_0)
FNF:1
FNH:1
FNDA:28,(anonymous_0)
DA:6,3
DA:8,3
DA:9,28
DA:12,3
LF:4
LH:4
BRF:0
BRH:0
end_of_record
TN:
SF:src/controller/address-controller.ts
FN:9,(anonymous_0)
FN:23,(anonymous_1)
FN:37,(anonymous_2)
FNF:3
FNH:3
FNDA:4,(anonymous_0)
FNDA:3,(anonymous_1)
FNDA:3,(anonymous_2)
DA:10,4
DA:11,4
DA:13,4
DA:15,4
DA:17,2
DA:19,2
DA:24,3
DA:25,3
DA:27,3
DA:29,3
DA:31,1
DA:33,2
DA:38,3
DA:39,3
DA:41,3
DA:43,3
DA:45,3
DA:47,2
DA:49,1
LF:19
LH:19
BRF:0
BRH:0
end_of_record
TN:
SF:src/controller/contact-controller.ts
FN:11,(anonymous_0)
FN:25,(anonymous_1)
FN:40,(anonymous_2)
FN:58,(anonymous_3)
FN:70,(anonymous_4)
FNF:5
FNH:5
FNDA:3,(anonymous_0)
FNDA:2,(anonymous_1)
FNDA:2,(anonymous_2)
FNDA:2,(anonymous_3)
FNDA:9,(anonymous_4)
DA:16,3
DA:17,3
DA:19,2
DA:21,1
DA:30,2
DA:31,2
DA:32,2
DA:34,1
DA:36,1
DA:45,2
DA:46,2
DA:48,2
DA:50,2
DA:52,1
DA:54,1
DA:59,2
DA:60,2
DA:62,2
DA:64,1
DA:66,1
DA:71,9
DA:72,9
DA:74,8
DA:76,1
LF:24
LH:24
BRF:0
BRH:0
end_of_record
TN:
SF:src/controller/user-controller.ts
FN:10,(anonymous_0)
FN:20,(anonymous_1)
FN:30,(anonymous_2)
FN:42,(anonymous_3)
FN:52,(anonymous_4)
FNF:5
FNH:5
FNDA:3,(anonymous_0)
FNDA:3,(anonymous_1)
FNDA:1,(anonymous_2)
FNDA:4,(anonymous_3)
FNDA:1,(anonymous_4)
DA:11,3
DA:12,3
DA:14,1
DA:16,2
DA:21,3
DA:22,3
DA:24,1
DA:26,2
DA:35,1
DA:36,1
DA:38,0
DA:43,4
DA:44,4
DA:46,3
DA:48,1
DA:53,1
DA:54,1
DA:56,1
DA:58,0
LF:19
LH:17
BRF:0
BRH:0
end_of_record
TN:
SF:src/error/response-error.ts
FN:2,(anonymous_0)
FNF:1
FNH:1
FNDA:9,(anonymous_0)
DA:6,9
LF:1
LH:1
BRF:0
BRH:0
end_of_record
TN:
SF:src/middleware/user.ts
FN:5,(anonymous_0)
FNF:1
FNH:1
FNDA:36,(anonymous_0)
DA:5,3
DA:10,36
DA:11,36
DA:13,34
DA:15,34
DA:17,2
LF:6
LH:6
BRF:0
BRH:0
end_of_record
TN:
SF:src/middleware/validation.ts
FN:5,(anonymous_0)
FNF:1
FNH:1
FNDA:15,(anonymous_0)
DA:5,3
DA:11,15
DA:12,8
DA:17,7
DA:18,7
DA:23,0
LF:6
LH:5
BRDA:11,0,0,8
BRDA:11,0,1,7
BRDA:17,1,0,7
BRDA:17,1,1,0
BRF:4
BRH:3
end_of_record
TN:
SF:src/model/address-model.ts
FN:27,toAddressResponse
FN:30,(anonymous_1)
FNF:2
FNH:2
FNDA:5,toAddressResponse
FNDA:5,(anonymous_1)
DA:30,5
DA:40,5
DA:41,0
DA:47,5
LF:4
LH:3
BRDA:40,0,0,0
BRDA:40,0,1,5
BRF:2
BRH:1
end_of_record
TN:
SF:src/model/contact-model.ts
FN:30,toContactResponse
FN:33,(anonymous_1)
FN:53,(anonymous_2)
FNF:3
FNH:2
FNDA:13,toContactResponse
FNDA:20,(anonymous_1)
FNDA:0,(anonymous_2)
DA:33,20
DA:41,13
DA:42,8
DA:48,5
DA:53,3
DA:55,0
LF:6
LH:5
BRDA:41,0,0,8
BRDA:41,0,1,5
BRF:2
BRH:2
end_of_record
TN:
SF:src/model/page-model.ts
FN:16,(anonymous_0)
FNF:1
FNH:1
FNDA:18,(anonymous_0)
DA:16,3
DA:18,18
LF:2
LH:2
BRF:0
BRH:0
end_of_record
TN:
SF:src/model/user-model.ts
FN:30,toUserResponse
FNF:1
FNH:1
FNDA:7,toUserResponse
DA:35,7
LF:1
LH:1
BRF:0
BRH:0
end_of_record
TN:
SF:src/route/api.ts
FNF:0
FNH:0
DA:7,3
DA:8,3
DA:10,3
DA:11,3
DA:12,3
DA:14,3
DA:15,3
DA:16,3
DA:17,3
DA:18,3
DA:20,3
DA:21,3
DA:22,3
LF:13
LH:13
BRF:0
BRH:0
end_of_record
TN:
SF:src/route/public-api.ts
FNF:0
FNH:0
DA:4,3
DA:6,3
DA:7,3
LF:3
LH:3
BRF:0
BRH:0
end_of_record
TN:
SF:src/validation/address-validation.ts
FNF:0
FNH:0
DA:4,3
DA:13,3
DA:15,3
LF:3
LH:3
BRF:0
BRH:0
end_of_record
TN:
SF:src/validation/contact-validation.ts
FNF:0
FNH:0
DA:4,3
DA:11,3
DA:13,3
DA:18,3
LF:4
LH:4
BRF:0
BRH:0
end_of_record
TN:
SF:src/validation/user-validation.ts
FNF:0
FNH:0
DA:4,3
DA:10,3
DA:15,3
LF:3
LH:3
BRF:0
BRH:0
end_of_record
TN:
SF:src/validation/validation.ts
FN:4,(anonymous_0)
FNF:1
FNH:1
FNDA:161,(anonymous_0)
DA:5,161
LF:1
LH:1
BRF:0
BRH:0
end_of_record
TN:
SF:tests/fixtures/address.ts
FN:6,(anonymous_0)
FN:19,(anonymous_1)
FNF:2
FNH:2
FNDA:10,(anonymous_0)
FNDA:5,(anonymous_1)
DA:6,1
DA:9,10
DA:19,1
DA:20,5
DA:22,5
LF:5
LH:5
BRF:0
BRH:0
end_of_record
TN:
SF:tests/fixtures/contact.ts
FN:6,(anonymous_0)
FN:16,(anonymous_1)
FNF:2
FNH:2
FNDA:57,(anonymous_0)
FNDA:15,(anonymous_1)
DA:6,2
DA:8,57
DA:16,2
DA:17,15
DA:19,15
LF:5
LH:5
BRF:0
BRH:0
end_of_record
TN:
SF:tests/fixtures/user.ts
FN:7,(anonymous_0)
FN:15,(anonymous_1)
FNF:2
FNH:2
FNDA:39,(anonymous_0)
FNDA:28,(anonymous_1)
DA:7,3
DA:8,39
DA:15,3
DA:16,28
DA:18,28
DA:20,28
LF:6
LH:6
BRF:0
BRH:0
end_of_record
